Arguments: 
  C:\Program Files\nodejs\node.exe C:\Users\Rodrigo\AppData\Roaming\npm\node_modules\yarn\bin\yarn.js --global add ganache ganche-cli

PATH: 
  C:\WINDOWS\system32;C:\WINDOWS;C:\WINDOWS\System32\Wbem;C:\WINDOWS\System32\WindowsPowerShell\v1.0\;C:\WINDOWS\System32\OpenSSH\;C:\Program Files\Git\cmd;C:\msys64\mingw64\bin;C:\Program Files\nodejs\;C:\Users\Rodrigo\AppData\Local\Programs\Python\Python310\;C:\Users\Rodrigo\AppData\Local\Programs\Python\Python310\Scripts;C:\Users\Rodrigo\.local\share\solana\install\active_release\bin;C:\Users\Rodrigo\.cargo\bin;C:\Users\Rodrigo\AppData\Local\Programs\Python\Python37\Scripts;C:\Users\Rodrigo\AppData\Local\Programs\Python\Python37\;C:\Users\Rodrigo\AppData\Local\Microsoft\WindowsApps;C:\PyCharm Community Edition 2021.2.3\bin;;C:\Users\Rodrigo\AppData\Local\Programs\Microsoft VS Code\bin;C:\Users\Rodrigo\AppData\Roaming\npm;C:\Users\Rodrigo\AppData\Local\Programs\Python\Python310\;C:\Users\Rodrigo\AppData\Local\Programs\Python\Python310\Scripts;

Yarn version: 
  1.22.19

Node version: 
  16.14.0

Platform: 
  win32 x64

Trace: 
  Error: https://registry.yarnpkg.com/ganche-cli: Not found
      at Request.params.callback [as _callback] (C:\Users\Rodrigo\AppData\Roaming\npm\node_modules\yarn\lib\cli.js:66145:18)
      at Request.self.callback (C:\Users\Rodrigo\AppData\Roaming\npm\node_modules\yarn\lib\cli.js:140890:22)
      at Request.emit (node:events:520:28)
      at Request.<anonymous> (C:\Users\Rodrigo\AppData\Roaming\npm\node_modules\yarn\lib\cli.js:141862:10)
      at Request.emit (node:events:520:28)
      at IncomingMessage.<anonymous> (C:\Users\Rodrigo\AppData\Roaming\npm\node_modules\yarn\lib\cli.js:141784:12)
      at Object.onceWrapper (node:events:639:28)
      at IncomingMessage.emit (node:events:532:35)
      at endReadableNT (node:internal/streams/readable:1346:12)
      at processTicksAndRejections (node:internal/process/task_queues:83:21)

npm manifest: 
  {
    "dependencies": {
      "@chainlink/contracts": "^0.4.1"
    }
  }

yarn manifest: 
  No manifest

Lockfile: 
  # THIS IS AN AUTOGENERATED FILE. DO NOT EDIT THIS FILE DIRECTLY.
  # yarn lockfile v1
  
  
  "@chainlink/contracts@^0.4.1":
    version "0.4.1"
    resolved "https://registry.yarnpkg.com/@chainlink/contracts/-/contracts-0.4.1.tgz#1c4f824920b89fbe5ff2294c35a86bca83c8253d"
    integrity sha512-eC8biY6Ks8k9kZKVt5305veCP3z57yyiy6Os5aR6auta6Bp34xWQ/s4qvrifcW4FNgWw1HJPwMPXDGfiehcLjg==
